<?xml version="1.0" encoding="UTF-8"?>
<!-- Generated by org.testng.reporters.JUnitXMLReporter -->
<testsuite ignored="2" hostname="LAPTOP-7HTUGT1K" failures="0" tests="5" name="Car Loan" time="0.184" errors="0" timestamp="2023-01-17T08:32:39 EST">
  <testcase classname="test.day3" name="MobileLogincarLoan" time="0.009"/>
  <testcase classname="test.day3" name="MobilesignoutcarLoan" time="0.008"/>
  <testcase classname="test.day3" name="MobilesignoutcarLoan" time="0.005"/>
  <testcase classname="test.day3" name="MobilesignoutcarLoan" time="0.007"/>
  <testcase classname="test.day3" name="WebloginCarLoan" time="0.011"/>
  <testcase classname="test.day3" name="APIcarLoan" time="0.0">
    <ignored/>
  </testcase> <!-- APIcarLoan -->
  <testcase classname="test.day3" name="MobilesignimcarLoan" time="0.0">
    <ignored/>
  </testcase> <!-- MobilesignimcarLoan -->
</testsuite> <!-- Car Loan -->
